mode: set
github.com/fajaramaulana/auth-serivce-payment/mocks/mock_config.go:11.45,14.2 2 0
github.com/fajaramaulana/auth-serivce-payment/mocks/mock_database.go:10.38,13.2 2 0
github.com/fajaramaulana/auth-serivce-payment/mocks/mock_hashpassword.go:11.82,13.36 2 0
github.com/fajaramaulana/auth-serivce-payment/mocks/mock_hashpassword.go:13.36,15.3 1 0
github.com/fajaramaulana/auth-serivce-payment/mocks/mock_hashpassword.go:16.2,16.27 1 0
github.com/fajaramaulana/auth-serivce-payment/mocks/mock_repository.go:14.91,17.2 2 0
github.com/fajaramaulana/auth-serivce-payment/mocks/mock_repository.go:19.79,22.2 2 0
github.com/fajaramaulana/auth-serivce-payment/mocks/mock_repository.go:24.85,27.2 2 0
github.com/fajaramaulana/auth-serivce-payment/mocks/mock_repository.go:29.94,32.2 2 0
github.com/fajaramaulana/auth-serivce-payment/mocks/mock_repository.go:34.84,37.2 2 0
github.com/fajaramaulana/auth-serivce-payment/mocks/mock_repository.go:39.84,42.2 2 0
github.com/fajaramaulana/auth-serivce-payment/mocks/mock_repository.go:44.88,47.2 2 0
github.com/fajaramaulana/auth-serivce-payment/mocks/mock_repository.go:49.94,52.2 2 0
github.com/fajaramaulana/auth-serivce-payment/mocks/mock_token.go:12.76,15.2 2 0
github.com/fajaramaulana/auth-serivce-payment/mocks/mock_token.go:17.88,20.2 2 0
github.com/fajaramaulana/auth-serivce-payment/internal/repository/auth_repository_impl.go:16.73,18.2 1 1
github.com/fajaramaulana/auth-serivce-payment/internal/repository/auth_repository_impl.go:20.98,25.25 5 1
github.com/fajaramaulana/auth-serivce-payment/internal/repository/auth_repository_impl.go:25.25,30.3 1 1
github.com/fajaramaulana/auth-serivce-payment/internal/repository/auth_repository_impl.go:32.2,32.88 1 1
github.com/fajaramaulana/auth-serivce-payment/internal/repository/auth_repository_impl.go:32.88,33.27 1 1
github.com/fajaramaulana/auth-serivce-payment/internal/repository/auth_repository_impl.go:33.27,35.4 1 1
github.com/fajaramaulana/auth-serivce-payment/internal/repository/auth_repository_impl.go:36.3,36.18 1 0
github.com/fajaramaulana/auth-serivce-payment/internal/repository/auth_repository_impl.go:38.2,38.19 1 1
github.com/fajaramaulana/auth-serivce-payment/internal/repository/auth_repository_impl.go:42.92,47.25 5 1
github.com/fajaramaulana/auth-serivce-payment/internal/repository/auth_repository_impl.go:47.25,52.3 1 1
github.com/fajaramaulana/auth-serivce-payment/internal/repository/auth_repository_impl.go:54.2,54.88 1 1
github.com/fajaramaulana/auth-serivce-payment/internal/repository/auth_repository_impl.go:54.88,55.27 1 1
github.com/fajaramaulana/auth-serivce-payment/internal/repository/auth_repository_impl.go:55.27,57.4 1 1
github.com/fajaramaulana/auth-serivce-payment/internal/repository/auth_repository_impl.go:58.3,58.18 1 0
github.com/fajaramaulana/auth-serivce-payment/internal/repository/auth_repository_impl.go:60.2,60.19 1 1
github.com/fajaramaulana/auth-serivce-payment/internal/repository/auth_repository_impl.go:64.83,68.25 4 1
github.com/fajaramaulana/auth-serivce-payment/internal/repository/auth_repository_impl.go:68.25,73.3 1 1
github.com/fajaramaulana/auth-serivce-payment/internal/repository/auth_repository_impl.go:75.2,76.41 2 1
github.com/fajaramaulana/auth-serivce-payment/internal/repository/auth_repository_impl.go:76.41,78.3 1 0
github.com/fajaramaulana/auth-serivce-payment/internal/repository/auth_repository_impl.go:79.2,79.23 1 1
github.com/fajaramaulana/auth-serivce-payment/internal/repository/auth_repository_impl.go:83.89,87.25 4 1
github.com/fajaramaulana/auth-serivce-payment/internal/repository/auth_repository_impl.go:87.25,92.3 1 1
github.com/fajaramaulana/auth-serivce-payment/internal/repository/auth_repository_impl.go:94.2,95.41 2 1
github.com/fajaramaulana/auth-serivce-payment/internal/repository/auth_repository_impl.go:95.41,97.3 1 0
github.com/fajaramaulana/auth-serivce-payment/internal/repository/auth_repository_impl.go:98.2,98.23 1 1
github.com/fajaramaulana/auth-serivce-payment/internal/repository/auth_repository_impl.go:102.98,104.16 2 1
github.com/fajaramaulana/auth-serivce-payment/internal/repository/auth_repository_impl.go:104.16,106.3 1 0
github.com/fajaramaulana/auth-serivce-payment/internal/repository/auth_repository_impl.go:108.2,110.16 3 1
github.com/fajaramaulana/auth-serivce-payment/internal/repository/auth_repository_impl.go:110.16,113.3 2 0
github.com/fajaramaulana/auth-serivce-payment/internal/repository/auth_repository_impl.go:115.2,116.25 2 1
github.com/fajaramaulana/auth-serivce-payment/internal/repository/auth_repository_impl.go:116.25,121.3 1 1
github.com/fajaramaulana/auth-serivce-payment/internal/repository/auth_repository_impl.go:123.2,124.16 2 1
github.com/fajaramaulana/auth-serivce-payment/internal/repository/auth_repository_impl.go:124.16,126.3 1 0
github.com/fajaramaulana/auth-serivce-payment/internal/repository/auth_repository_impl.go:128.2,128.17 1 1
github.com/fajaramaulana/auth-serivce-payment/internal/repository/auth_repository_impl.go:131.95,135.25 4 1
github.com/fajaramaulana/auth-serivce-payment/internal/repository/auth_repository_impl.go:135.25,141.3 1 1
github.com/fajaramaulana/auth-serivce-payment/internal/repository/auth_repository_impl.go:142.2,143.41 2 1
github.com/fajaramaulana/auth-serivce-payment/internal/repository/auth_repository_impl.go:143.41,145.3 1 0
github.com/fajaramaulana/auth-serivce-payment/internal/repository/auth_repository_impl.go:146.2,146.23 1 1
github.com/fajaramaulana/auth-serivce-payment/internal/repository/auth_repository_impl.go:149.88,153.25 4 1
github.com/fajaramaulana/auth-serivce-payment/internal/repository/auth_repository_impl.go:153.25,159.3 1 1
github.com/fajaramaulana/auth-serivce-payment/internal/repository/auth_repository_impl.go:160.2,160.12 1 1
github.com/fajaramaulana/auth-serivce-payment/internal/repository/auth_repository_impl.go:163.88,166.25 3 1
github.com/fajaramaulana/auth-serivce-payment/internal/repository/auth_repository_impl.go:166.25,172.3 1 1
github.com/fajaramaulana/auth-serivce-payment/internal/repository/auth_repository_impl.go:173.2,174.12 2 1
github.com/fajaramaulana/auth-serivce-payment/mocks/mock_config.go:11.45,14.2 2 1
github.com/fajaramaulana/auth-serivce-payment/mocks/mock_database.go:10.38,13.2 2 0
github.com/fajaramaulana/auth-serivce-payment/mocks/mock_hashpassword.go:11.82,13.36 2 0
github.com/fajaramaulana/auth-serivce-payment/mocks/mock_hashpassword.go:13.36,15.3 1 0
github.com/fajaramaulana/auth-serivce-payment/mocks/mock_hashpassword.go:16.2,16.27 1 0
github.com/fajaramaulana/auth-serivce-payment/mocks/mock_repository.go:14.91,17.2 2 0
github.com/fajaramaulana/auth-serivce-payment/mocks/mock_repository.go:19.79,22.2 2 0
github.com/fajaramaulana/auth-serivce-payment/mocks/mock_repository.go:24.85,27.2 2 0
github.com/fajaramaulana/auth-serivce-payment/mocks/mock_repository.go:29.94,32.2 2 0
github.com/fajaramaulana/auth-serivce-payment/mocks/mock_repository.go:34.84,37.2 2 0
github.com/fajaramaulana/auth-serivce-payment/mocks/mock_repository.go:39.84,42.2 2 0
github.com/fajaramaulana/auth-serivce-payment/mocks/mock_repository.go:44.88,47.2 2 0
github.com/fajaramaulana/auth-serivce-payment/mocks/mock_repository.go:49.94,52.2 2 0
github.com/fajaramaulana/auth-serivce-payment/mocks/mock_token.go:12.76,15.2 2 0
github.com/fajaramaulana/auth-serivce-payment/mocks/mock_token.go:17.88,20.2 2 0
github.com/fajaramaulana/auth-serivce-payment/internal/config/config.go:19.50,21.2 1 1
github.com/fajaramaulana/auth-serivce-payment/internal/config/config.go:23.35,25.49 2 1
github.com/fajaramaulana/auth-serivce-payment/internal/config/config.go:25.49,27.3 1 0
github.com/fajaramaulana/auth-serivce-payment/internal/config/config.go:29.2,29.22 1 1
github.com/fajaramaulana/auth-serivce-payment/internal/config/config.go:32.33,34.16 2 1
github.com/fajaramaulana/auth-serivce-payment/internal/config/config.go:34.16,36.3 1 0
github.com/fajaramaulana/auth-serivce-payment/internal/config/config.go:39.2,42.22 3 1
github.com/fajaramaulana/auth-serivce-payment/internal/config/mysql.go:11.53,20.16 8 1
github.com/fajaramaulana/auth-serivce-payment/internal/config/mysql.go:20.16,22.3 1 1
github.com/fajaramaulana/auth-serivce-payment/internal/config/mysql.go:23.2,26.16 3 1
github.com/fajaramaulana/auth-serivce-payment/internal/config/mysql.go:26.16,28.3 1 0
github.com/fajaramaulana/auth-serivce-payment/internal/config/mysql.go:30.2,30.16 1 1
github.com/fajaramaulana/auth-serivce-payment/internal/service/auth_service_impl.go:32.236,41.2 1 1
github.com/fajaramaulana/auth-serivce-payment/internal/service/auth_service_impl.go:43.111,49.16 4 1
github.com/fajaramaulana/auth-serivce-payment/internal/service/auth_service_impl.go:49.16,52.3 2 0
github.com/fajaramaulana/auth-serivce-payment/internal/service/auth_service_impl.go:54.2,57.16 3 1
github.com/fajaramaulana/auth-serivce-payment/internal/service/auth_service_impl.go:57.16,60.3 2 0
github.com/fajaramaulana/auth-serivce-payment/internal/service/auth_service_impl.go:62.2,63.16 2 1
github.com/fajaramaulana/auth-serivce-payment/internal/service/auth_service_impl.go:63.16,66.3 2 0
github.com/fajaramaulana/auth-serivce-payment/internal/service/auth_service_impl.go:68.2,68.16 1 1
github.com/fajaramaulana/auth-serivce-payment/internal/service/auth_service_impl.go:68.16,71.3 2 0
github.com/fajaramaulana/auth-serivce-payment/internal/service/auth_service_impl.go:73.2,74.16 2 1
github.com/fajaramaulana/auth-serivce-payment/internal/service/auth_service_impl.go:74.16,77.3 2 1
github.com/fajaramaulana/auth-serivce-payment/internal/service/auth_service_impl.go:79.2,79.17 1 1
github.com/fajaramaulana/auth-serivce-payment/internal/service/auth_service_impl.go:79.17,82.3 2 1
github.com/fajaramaulana/auth-serivce-payment/internal/service/auth_service_impl.go:85.2,85.104 1 1
github.com/fajaramaulana/auth-serivce-payment/internal/service/auth_service_impl.go:85.104,88.3 2 1
github.com/fajaramaulana/auth-serivce-payment/internal/service/auth_service_impl.go:90.2,91.16 2 1
github.com/fajaramaulana/auth-serivce-payment/internal/service/auth_service_impl.go:91.16,94.3 2 1
github.com/fajaramaulana/auth-serivce-payment/internal/service/auth_service_impl.go:96.2,97.16 2 1
github.com/fajaramaulana/auth-serivce-payment/internal/service/auth_service_impl.go:97.16,100.3 2 0
github.com/fajaramaulana/auth-serivce-payment/internal/service/auth_service_impl.go:103.2,113.16 2 1
github.com/fajaramaulana/auth-serivce-payment/internal/service/auth_service_impl.go:113.16,116.3 2 0
github.com/fajaramaulana/auth-serivce-payment/internal/service/auth_service_impl.go:118.2,118.35 1 1
github.com/fajaramaulana/auth-serivce-payment/internal/service/auth_service_impl.go:118.35,121.3 2 0
github.com/fajaramaulana/auth-serivce-payment/internal/service/auth_service_impl.go:123.2,126.139 3 1
github.com/fajaramaulana/auth-serivce-payment/internal/service/auth_service_impl.go:129.120,133.16 3 1
github.com/fajaramaulana/auth-serivce-payment/internal/service/auth_service_impl.go:133.16,136.3 2 1
github.com/fajaramaulana/auth-serivce-payment/internal/service/auth_service_impl.go:138.2,138.19 1 1
github.com/fajaramaulana/auth-serivce-payment/internal/service/auth_service_impl.go:138.19,141.3 2 1
github.com/fajaramaulana/auth-serivce-payment/internal/service/auth_service_impl.go:143.2,144.16 2 1
github.com/fajaramaulana/auth-serivce-payment/internal/service/auth_service_impl.go:144.16,147.3 2 1
github.com/fajaramaulana/auth-serivce-payment/internal/service/auth_service_impl.go:149.2,149.16 1 1
github.com/fajaramaulana/auth-serivce-payment/internal/service/auth_service_impl.go:149.16,152.3 2 1
github.com/fajaramaulana/auth-serivce-payment/internal/service/auth_service_impl.go:154.2,155.16 2 1
github.com/fajaramaulana/auth-serivce-payment/internal/service/auth_service_impl.go:155.16,158.3 2 1
github.com/fajaramaulana/auth-serivce-payment/internal/service/auth_service_impl.go:161.2,163.16 3 1
github.com/fajaramaulana/auth-serivce-payment/internal/service/auth_service_impl.go:163.16,166.3 2 1
github.com/fajaramaulana/auth-serivce-payment/internal/service/auth_service_impl.go:169.2,180.16 3 1
github.com/fajaramaulana/auth-serivce-payment/internal/service/auth_service_impl.go:180.16,183.3 2 1
github.com/fajaramaulana/auth-serivce-payment/internal/service/auth_service_impl.go:184.2,185.16 2 1
github.com/fajaramaulana/auth-serivce-payment/internal/service/auth_service_impl.go:185.16,188.3 2 0
github.com/fajaramaulana/auth-serivce-payment/internal/service/auth_service_impl.go:191.2,193.16 3 1
github.com/fajaramaulana/auth-serivce-payment/internal/service/auth_service_impl.go:193.16,196.3 2 0
github.com/fajaramaulana/auth-serivce-payment/internal/service/auth_service_impl.go:198.2,199.16 2 1
github.com/fajaramaulana/auth-serivce-payment/internal/service/auth_service_impl.go:199.16,202.3 2 1
github.com/fajaramaulana/auth-serivce-payment/internal/service/auth_service_impl.go:204.2,214.16 2 1
github.com/fajaramaulana/auth-serivce-payment/internal/service/auth_service_impl.go:214.16,217.3 2 0
github.com/fajaramaulana/auth-serivce-payment/internal/service/auth_service_impl.go:219.2,219.40 1 1
github.com/fajaramaulana/auth-serivce-payment/internal/service/auth_service_impl.go:219.40,222.3 2 0
github.com/fajaramaulana/auth-serivce-payment/internal/service/auth_service_impl.go:224.2,226.149 2 1
github.com/fajaramaulana/auth-serivce-payment/internal/service/auth_service_impl.go:229.128,233.16 3 1
github.com/fajaramaulana/auth-serivce-payment/internal/service/auth_service_impl.go:233.16,236.3 2 0
github.com/fajaramaulana/auth-serivce-payment/internal/service/auth_service_impl.go:239.2,240.33 2 1
github.com/fajaramaulana/auth-serivce-payment/internal/service/auth_service_impl.go:240.33,243.3 2 0
github.com/fajaramaulana/auth-serivce-payment/internal/service/auth_service_impl.go:245.2,246.16 2 1
github.com/fajaramaulana/auth-serivce-payment/internal/service/auth_service_impl.go:246.16,249.3 2 0
github.com/fajaramaulana/auth-serivce-payment/internal/service/auth_service_impl.go:251.2,256.8 1 1
github.com/fajaramaulana/auth-serivce-payment/internal/service/ratelimiter_impl.go:15.56,19.2 1 1
github.com/fajaramaulana/auth-serivce-payment/internal/service/ratelimiter_impl.go:22.121,28.16 3 1
github.com/fajaramaulana/auth-serivce-payment/internal/service/ratelimiter_impl.go:28.16,30.3 1 0
github.com/fajaramaulana/auth-serivce-payment/internal/service/ratelimiter_impl.go:33.2,33.16 1 1
github.com/fajaramaulana/auth-serivce-payment/internal/service/ratelimiter_impl.go:33.16,36.17 2 1
github.com/fajaramaulana/auth-serivce-payment/internal/service/ratelimiter_impl.go:36.17,38.4 1 0
github.com/fajaramaulana/auth-serivce-payment/internal/service/ratelimiter_impl.go:42.2,42.26 1 1
github.com/fajaramaulana/auth-serivce-payment/internal/service/ratelimiter_impl.go:42.26,44.3 1 0
github.com/fajaramaulana/auth-serivce-payment/internal/service/ratelimiter_impl.go:46.2,46.18 1 1
github.com/fajaramaulana/auth-serivce-payment/mocks/mock_config.go:11.45,14.2 2 1
github.com/fajaramaulana/auth-serivce-payment/mocks/mock_database.go:10.38,13.2 2 0
github.com/fajaramaulana/auth-serivce-payment/mocks/mock_hashpassword.go:11.82,13.36 2 1
github.com/fajaramaulana/auth-serivce-payment/mocks/mock_hashpassword.go:13.36,15.3 1 1
github.com/fajaramaulana/auth-serivce-payment/mocks/mock_hashpassword.go:16.2,16.27 1 1
github.com/fajaramaulana/auth-serivce-payment/mocks/mock_repository.go:14.91,17.2 2 1
github.com/fajaramaulana/auth-serivce-payment/mocks/mock_repository.go:19.79,22.2 2 0
github.com/fajaramaulana/auth-serivce-payment/mocks/mock_repository.go:24.85,27.2 2 0
github.com/fajaramaulana/auth-serivce-payment/mocks/mock_repository.go:29.94,32.2 2 0
github.com/fajaramaulana/auth-serivce-payment/mocks/mock_repository.go:34.84,37.2 2 0
github.com/fajaramaulana/auth-serivce-payment/mocks/mock_repository.go:39.84,42.2 2 0
github.com/fajaramaulana/auth-serivce-payment/mocks/mock_repository.go:44.88,47.2 2 0
github.com/fajaramaulana/auth-serivce-payment/mocks/mock_repository.go:49.94,52.2 2 0
github.com/fajaramaulana/auth-serivce-payment/mocks/mock_token.go:12.76,15.2 2 1
github.com/fajaramaulana/auth-serivce-payment/mocks/mock_token.go:17.88,20.2 2 1
github.com/fajaramaulana/auth-serivce-payment/internal/utils/global.go:10.45,12.16 2 1
github.com/fajaramaulana/auth-serivce-payment/internal/utils/global.go:12.16,13.13 1 1
github.com/fajaramaulana/auth-serivce-payment/internal/utils/global.go:15.2,15.10 1 1
github.com/fajaramaulana/auth-serivce-payment/internal/utils/global.go:18.56,28.2 1 0
github.com/fajaramaulana/auth-serivce-payment/internal/utils/global.go:31.56,33.16 2 0
github.com/fajaramaulana/auth-serivce-payment/internal/utils/global.go:33.16,35.3 1 0
github.com/fajaramaulana/auth-serivce-payment/internal/utils/global.go:36.2,40.8 1 0
github.com/fajaramaulana/auth-serivce-payment/internal/utils/global.go:43.59,45.16 2 0
github.com/fajaramaulana/auth-serivce-payment/internal/utils/global.go:45.16,47.3 1 0
github.com/fajaramaulana/auth-serivce-payment/internal/utils/global.go:48.2,48.45 1 0
github.com/fajaramaulana/auth-serivce-payment/internal/utils/password_utils.go:11.41,13.2 1 1
github.com/fajaramaulana/auth-serivce-payment/internal/utils/password_utils.go:15.75,17.2 1 1
github.com/fajaramaulana/auth-serivce-payment/internal/utils/token.go:26.61,30.2 1 1
github.com/fajaramaulana/auth-serivce-payment/internal/utils/token.go:39.112,53.16 5 1
github.com/fajaramaulana/auth-serivce-payment/internal/utils/token.go:53.16,55.3 1 0
github.com/fajaramaulana/auth-serivce-payment/internal/utils/token.go:58.2,69.16 4 1
github.com/fajaramaulana/auth-serivce-payment/internal/utils/token.go:69.16,71.3 1 0
github.com/fajaramaulana/auth-serivce-payment/internal/utils/token.go:73.2,73.51 1 1
github.com/fajaramaulana/auth-serivce-payment/internal/utils/token.go:77.77,80.110 2 1
github.com/fajaramaulana/auth-serivce-payment/internal/utils/token.go:80.110,82.58 1 1
github.com/fajaramaulana/auth-serivce-payment/internal/utils/token.go:82.58,84.4 1 0
github.com/fajaramaulana/auth-serivce-payment/internal/utils/token.go:85.3,85.32 1 1
github.com/fajaramaulana/auth-serivce-payment/internal/utils/token.go:88.2,88.16 1 1
github.com/fajaramaulana/auth-serivce-payment/internal/utils/token.go:88.16,90.3 1 0
github.com/fajaramaulana/auth-serivce-payment/internal/utils/token.go:93.2,93.67 1 1
github.com/fajaramaulana/auth-serivce-payment/internal/utils/token.go:93.67,95.3 1 1
github.com/fajaramaulana/auth-serivce-payment/internal/utils/token.go:97.2,97.41 1 0
github.com/fajaramaulana/auth-serivce-payment/cmd/auth/main.go:26.49,28.2 1 0
github.com/fajaramaulana/auth-serivce-payment/cmd/auth/main.go:30.13,32.51 1 1
github.com/fajaramaulana/auth-serivce-payment/cmd/auth/main.go:32.51,34.3 1 0
github.com/fajaramaulana/auth-serivce-payment/cmd/auth/main.go:37.2,53.46 5 1
github.com/fajaramaulana/auth-serivce-payment/cmd/auth/main.go:56.171,67.83 5 1
github.com/fajaramaulana/auth-serivce-payment/cmd/auth/main.go:67.83,71.4 3 0
github.com/fajaramaulana/auth-serivce-payment/cmd/auth/main.go:73.2,73.16 1 1
github.com/fajaramaulana/auth-serivce-payment/cmd/auth/main.go:73.16,76.3 1 0
github.com/fajaramaulana/auth-serivce-payment/cmd/auth/main.go:78.2,79.16 2 1
github.com/fajaramaulana/auth-serivce-payment/cmd/auth/main.go:79.16,81.3 1 1
github.com/fajaramaulana/auth-serivce-payment/cmd/auth/main.go:83.2,98.16 8 1
github.com/fajaramaulana/auth-serivce-payment/cmd/auth/main.go:98.16,100.3 1 1
github.com/fajaramaulana/auth-serivce-payment/cmd/auth/main.go:102.2,102.65 1 1
github.com/fajaramaulana/auth-serivce-payment/cmd/auth/main.go:105.13,108.80 3 0
github.com/fajaramaulana/auth-serivce-payment/cmd/auth/main.go:108.80,110.3 1 0
github.com/fajaramaulana/auth-serivce-payment/cmd/auth/main.go:113.131,116.16 2 1
github.com/fajaramaulana/auth-serivce-payment/cmd/auth/main.go:116.16,118.3 1 1
github.com/fajaramaulana/auth-serivce-payment/cmd/auth/main.go:119.2,119.15 1 1
github.com/fajaramaulana/auth-serivce-payment/cmd/auth/main.go:119.15,120.16 1 1
github.com/fajaramaulana/auth-serivce-payment/cmd/auth/main.go:120.16,122.4 1 1
github.com/fajaramaulana/auth-serivce-payment/cmd/auth/main.go:126.2,127.16 2 1
github.com/fajaramaulana/auth-serivce-payment/cmd/auth/main.go:127.16,129.3 1 1
github.com/fajaramaulana/auth-serivce-payment/cmd/auth/main.go:130.2,132.15 2 1
github.com/fajaramaulana/auth-serivce-payment/cmd/auth/main.go:132.15,133.44 1 0
github.com/fajaramaulana/auth-serivce-payment/cmd/auth/main.go:133.44,135.4 1 0
github.com/fajaramaulana/auth-serivce-payment/cmd/auth/main.go:138.2,138.15 1 1
github.com/fajaramaulana/auth-serivce-payment/cmd/auth/main.go:138.15,139.45 1 0
github.com/fajaramaulana/auth-serivce-payment/cmd/auth/main.go:139.45,141.4 1 0
github.com/fajaramaulana/auth-serivce-payment/cmd/auth/main.go:145.2,147.51 3 1
github.com/fajaramaulana/auth-serivce-payment/cmd/auth/main.go:147.51,149.3 1 0
github.com/fajaramaulana/auth-serivce-payment/cmd/auth/main.go:151.2,151.12 1 0
github.com/fajaramaulana/auth-serivce-payment/cmd/auth/main.go:154.67,156.28 2 1
github.com/fajaramaulana/auth-serivce-payment/cmd/auth/main.go:156.28,165.17 3 1
github.com/fajaramaulana/auth-serivce-payment/cmd/auth/main.go:165.17,168.4 2 1
github.com/fajaramaulana/auth-serivce-payment/cmd/auth/main.go:170.3,171.13 2 1
github.com/fajaramaulana/auth-serivce-payment/cmd/auth/main.go:175.2,180.16 4 1
github.com/fajaramaulana/auth-serivce-payment/cmd/auth/main.go:180.16,182.3 1 1
github.com/fajaramaulana/auth-serivce-payment/cmd/auth/main.go:184.2,184.25 1 1
github.com/fajaramaulana/auth-serivce-payment/mocks/mock_config.go:11.45,14.2 2 1
github.com/fajaramaulana/auth-serivce-payment/mocks/mock_database.go:10.38,13.2 2 0
github.com/fajaramaulana/auth-serivce-payment/mocks/mock_hashpassword.go:11.82,13.36 2 0
github.com/fajaramaulana/auth-serivce-payment/mocks/mock_hashpassword.go:13.36,15.3 1 0
github.com/fajaramaulana/auth-serivce-payment/mocks/mock_hashpassword.go:16.2,16.27 1 0
github.com/fajaramaulana/auth-serivce-payment/mocks/mock_repository.go:14.91,17.2 2 0
github.com/fajaramaulana/auth-serivce-payment/mocks/mock_repository.go:19.79,22.2 2 0
github.com/fajaramaulana/auth-serivce-payment/mocks/mock_repository.go:24.85,27.2 2 0
github.com/fajaramaulana/auth-serivce-payment/mocks/mock_repository.go:29.94,32.2 2 0
github.com/fajaramaulana/auth-serivce-payment/mocks/mock_repository.go:34.84,37.2 2 0
github.com/fajaramaulana/auth-serivce-payment/mocks/mock_repository.go:39.84,42.2 2 0
github.com/fajaramaulana/auth-serivce-payment/mocks/mock_repository.go:44.88,47.2 2 0
github.com/fajaramaulana/auth-serivce-payment/mocks/mock_repository.go:49.94,52.2 2 0
github.com/fajaramaulana/auth-serivce-payment/mocks/mock_token.go:12.76,15.2 2 0
github.com/fajaramaulana/auth-serivce-payment/mocks/mock_token.go:17.88,20.2 2 0
